<?xml version="1.0" encoding="UTF-8"?>
<testsuite xmlns:xsi="http://www.w3.org/2001/XMLSchema-instance" xsi:noNamespaceSchemaLocation="https://maven.apache.org/surefire/maven-surefire-plugin/xsd/surefire-test-report.xsd" name="org.equipment.data.AuditLogTest" time="0.017" tests="6" errors="0" skipped="0" failures="0">
  <properties>
[...]
</properties>
  <testcase name="writeHandlesInvalidPath" classname="org.equipment.data.AuditLogTest" time="0"/>
  <testcase name="readAllHandlesNonExistentPath" classname="org.equipment.data.AuditLogTest" time="0.007"/>
  <testcase name="writeAppendsMultipleEntries" classname="org.equipment.data.AuditLogTest" time="0.002"/>
  <testcase name="writeCreatesLogEntry" classname="org.equipment.data.AuditLogTest" time="0.005"/>
  <testcase name="configureSetsLogPath" classname="org.equipment.data.AuditLogTest" time="0.002"/>
  <testcase name="readAllReturnsMessageWhenLogDoesNotExist" classname="org.equipment.data.AuditLogTest" time="0.001"/>
</testsuite>